0	1	mikroCPIC1618.exe -MSF -DBG -pP18F4520 -DL -O11111114 -fo8 -N"C:\Users\Dan\Documents\PIC Projects\Led Blinking\LedBlinking.mcppi" -SP"C:\Program Files\mikroC PRO for PIC\defs\" -SP"C:\Program Files\mikroC PRO for PIC\Uses\P18\" -SP"C:\Users\Dan\Documents\PIC Projects\Led Blinking\" -SP"C:\Program Files (x86)\Mikroelektronika\mikroC PRO for PIC\defs\" -SP"C:\Program Files (x86)\Mikroelektronika\mikroC PRO for PIC\Uses\P16\" -SP"I:\Documents\Projects\Pic Tools\Published Projects\Led Blinking\" -SP"I:\Documents\Projects\Pic Tools\Led Blinking [All Ports]\" -SP"C:\Program Files (x86)\mikroC PRO for PIC\defs\" -SP"C:\Program Files (x86)\mikroC PRO for PIC\Uses\P16\" -SP"C:\Program Files\Mikroelektronika\mikroC PRO for PIC\defs\" -SP"C:\Program Files\Mikroelektronika\mikroC PRO for PIC\Uses\P16\" -SP"C:\Documents and Settings\Dan\Desktop\Led Blinking [All Ports]\" "LedBlinking.c" "__Lib_Math.mcl" "__Lib_MathDouble.mcl" "__Lib_System.mcl" "__Lib_Delays.mcl"	 
warning: 0	1501	Specified search path does not exist: 'C:\Program Files (x86)\Mikroelektronika\mikroC PRO for PIC\defs'	 
warning: 0	1501	Specified search path does not exist: 'C:\Program Files (x86)\Mikroelektronika\mikroC PRO for PIC\Uses\P16'	 
warning: 0	1501	Specified search path does not exist: 'I:\Documents\Projects\Pic Tools\Published Projects\Led Blinking'	 
warning: 0	1501	Specified search path does not exist: 'I:\Documents\Projects\Pic Tools\Led Blinking [All Ports]'	 
warning: 0	1501	Specified search path does not exist: 'C:\Program Files (x86)\mikroC PRO for PIC\defs'	 
warning: 0	1501	Specified search path does not exist: 'C:\Program Files (x86)\mikroC PRO for PIC\Uses\P16'	 
warning: 0	1501	Specified search path does not exist: 'C:\Program Files\Mikroelektronika\mikroC PRO for PIC\defs'	 
warning: 0	1501	Specified search path does not exist: 'C:\Program Files\Mikroelektronika\mikroC PRO for PIC\Uses\P16'	 
warning: 0	1501	Specified search path does not exist: 'C:\Documents and Settings\Dan\Desktop\Led Blinking [All Ports]'	 
hint: 0	1139	Available RAM: 1515 [bytes], Available ROM: 32768 [bytes]	 
diagnostics: 0	126	All files Preprocessed in 16 ms	 
diagnostics: 0	122	Compilation Started	LedBlinking.c
diagnostics: 48	123	Compiled Successfully	LedBlinking.c
diagnostics: 0	127	All files Compiled in 31 ms	 
hint: 0	1144	Used RAM (bytes): 0 (1%)  Free RAM (bytes): 1515 (99%)	Used RAM (bytes): 0 (1%)  Free RAM (bytes): 1515 (99%)
hint: 0	1144	Used ROM (bytes): 108 (1%)  Free ROM (bytes): 32660 (99%)	Used ROM (bytes): 108 (1%)  Free ROM (bytes): 32660 (99%)
diagnostics: 0	125	Project Linked Successfully	LedBlinking.mcppi
diagnostics: 0	128	Linked in 15 ms	 
diagnostics: 0	129	Project 'LedBlinking.mcppi' completed: 78 ms	 
diagnostics: 0	103	Finished successfully: 26 Apr 2012, 13:11:34	LedBlinking.mcppi
